<?xml version="1.0" encoding="UTF-8"?>
<testsuite name="com.feedback.app.service.FeedbackServiceTest" time="0.017" tests="10" errors="0" skipped="0" failures="0">
  <properties>
[...]
</properties>
  <testcase name="insertFeedbackSuccess" classname="com.feedback.app.service.FeedbackServiceTest" time="0"/>
  <testcase name="testViewFeedbacks" classname="com.feedback.app.service.FeedbackServiceTest" time="0"/>
  <testcase name="testViewFeedbackAllFail" classname="com.feedback.app.service.FeedbackServiceTest" time="0"/>
  <testcase name="testDeleteFeedbacksFail" classname="com.feedback.app.service.FeedbackServiceTest" time="0"/>
  <testcase name="testViewFeedbackAllSuccess" classname="com.feedback.app.service.FeedbackServiceTest" time="0"/>
  <testcase name="testDeleteFeedbacksSuccesss" classname="com.feedback.app.service.FeedbackServiceTest" time="0"/>
  <testcase name="testEditFeedbacksFail" classname="com.feedback.app.service.FeedbackServiceTest" time="0"/>
  <testcase name="testViewFeedbacksFail" classname="com.feedback.app.service.FeedbackServiceTest" time="0.005"/>
  <testcase name="insertFeedbackFail" classname="com.feedback.app.service.FeedbackServiceTest" time="0.008"/>
  <testcase name="testEditFeedbacksSuccess" classname="com.feedback.app.service.FeedbackServiceTest" time="0.004"/>
</testsuite>